[2022-12-31 06:30:31] testing.INFO: Hello Info  
[2022-12-31 06:30:31] testing.WARNING: Hello Warning  
[2022-12-31 06:30:31] testing.ERROR: Hello error  
[2022-12-31 06:30:31] testing.CRITICAL: Hello Critical  
[2022-12-31 07:00:57] testing.INFO: Hello Info  
[2022-12-31 07:00:57] testing.WARNING: Hello Warning  
[2022-12-31 07:00:57] testing.ERROR: Hello error  
[2022-12-31 07:00:58] testing.CRITICAL: Hello Critical  
[2022-12-31 07:13:33] testing.INFO: Hello Info  
[2022-12-31 07:13:33] testing.WARNING: Hello Warning  
[2022-12-31 07:13:33] testing.ERROR: Hello error  
[2022-12-31 07:13:34] testing.CRITICAL: Hello Critical  
[2022-12-31 07:13:35] testing.INFO: Hello Info {"user":"yuska"} 
[2022-12-31 07:17:56] testing.INFO: Hello Info  
[2022-12-31 07:17:56] testing.WARNING: Hello Warning  
[2022-12-31 07:17:56] testing.ERROR: Hello error  
[2022-12-31 07:17:57] testing.CRITICAL: Hello Critical  
[2022-12-31 07:17:58] testing.INFO: Hello Info {"user":"yuska"} 
[2022-12-31 07:17:58] testing.INFO: Hello Info {"user":"yuska"} 
[2022-12-31 07:17:58] testing.INFO: Hello Info {"user":"yuska"} 
[2022-12-31 07:17:58] testing.INFO: Hello Info {"user":"yuska"} 
